<?xml version="1.0" encoding="UTF-8"?>
<!-- Generated by org.testng.reporters.JUnitReportReporter -->
<testsuite hostname="Simarpreet" failures="0" tests="2" name="com.crm.qa.testcases.LoginPageTest" time="31.557" errors="0" timestamp="2021-12-15T17:02:59 EST" skipped="0">
  <testcase classname="com.crm.qa.testcases.LoginPageTest" name="loginPageTitleTest" time="19.011"/>
  <system-out/>
  <testcase classname="com.crm.qa.testcases.LoginPageTest" name="loginTest" time="12.546"/>
  <system-out/>
</testsuite> <!-- com.crm.qa.testcases.LoginPageTest -->
