<?xml version="1.0" encoding="UTF-8"?>
<!-- Generated by org.testng.reporters.JUnitReportReporter -->
<testsuite hostname="Simarpreet" failures="0" tests="4" name="com.crm.qa.testcases.HomePageTest" time="70.675" errors="0" timestamp="2021-12-15T17:02:59 EST" skipped="0">
  <testcase classname="com.crm.qa.testcases.HomePageTest" name="verifyContactsPageTest" time="15.999"/>
  <system-out/>
  <testcase classname="com.crm.qa.testcases.HomePageTest" name="verifyHomePageTitleTest" time="23.515"/>
  <system-out/>
  <testcase classname="com.crm.qa.testcases.HomePageTest" name="verifyUserNameIsDisplayTest" time="13.024"/>
  <system-out/>
  <testcase classname="com.crm.qa.testcases.HomePageTest" name="userNameDisplayTest" time="18.137"/>
  <system-out/>
</testsuite> <!-- com.crm.qa.testcases.HomePageTest -->
